<?xml version="1.0" encoding="UTF-8"?>
<!-- Generated by org.testng.reporters.JUnitReportReporter -->
<testsuite hostname="Vijay" failures="0" tests="2" name="Amazon_testcases.LoginTestAmazon" time="3.306" errors="0" timestamp="2024-07-07T20:05:22 IST" skipped="0">
  <testcase classname="Amazon_testcases.LoginTestAmazon" name="loginApp" time="2.897"/>
  <testcase classname="Amazon_testcases.LoginTestAmazon" name="loginApp1" time="0.409"/>
  <system-out>
    <![CDATA[Setting up reports and Test is getting Ready
Setting Done - Test can be Started
Trying to start Browser
Browser and Application is up and running
Test is about to end
Test Completed
Test is about to end
Test Completed]]>
  </system-out>
</testsuite> <!-- Amazon_testcases.LoginTestAmazon -->
