<?xml version="1.0" encoding="UTF-8"?>
<!-- Generated by org.testng.reporters.JUnitReportReporter -->
<testsuite hostname="Vijay" failures="0" tests="1" name="Amazon_utilities.BrowserFactory" time="9.275" errors="0" timestamp="2024-07-05T22:13:50 IST" skipped="0">
  <testcase classname="Amazon_utilities.BrowserFactory" name="Start_Application" time="9.275"/>
</testsuite> <!-- Amazon_utilities.BrowserFactory -->
